Using device: cuda:7
✅ WHU 3-way split loaded.
✅ LEVIR split loaded from file.
Reconstruction encoder loaded into encoder_da
✅ LEVIR model loaded.
Discriminator Acc: 0.9849276041797318
Epoch 0 LEVIR-Train Metrics: {'Precision': 48.138800263404846, 'Recall': 82.38995671272278, 'F1': 60.77057123184204, 'IoU': 43.64778995513916}
Avg Pseudo-label ratio: 0.5748805631656652
Epoch 0 Avg Loss | Sup: 0.1879 | Unsup: 0.0000 | DMN: 0.0000
Cosine Similarity: 0.4167618474827179
[VAL] Epoch 0 WHU-Val Metrics: {'Precision': 82.97331929206848, 'Recall': 53.478217124938965, 'F1': 65.03796577453613, 'IoU': 48.18982481956482, 'Loss': 0.251512263370778}
[VAL] Epoch 0 WHU-Val Metrics: {'Precision': 10.592885315418243, 'Recall': 4.465795308351517, 'F1': 6.28284215927124, 'IoU': 3.2433070242404938, 'Loss': 0.6156609577517356}
✅ New best model saved (Epoch 0, F1=65.04)
Discriminator Acc: 0.9988695505297829
Epoch 1 LEVIR-Train Metrics: {'Precision': 89.36060070991516, 'Recall': 86.2691879272461, 'F1': 87.78768181800842, 'IoU': 78.23355793952942}
Avg Pseudo-label ratio: 0.7582309550095548
Epoch 1 Avg Loss | Sup: 0.0749 | Unsup: 0.0000 | DMN: 0.0000
Cosine Similarity: 0.40896501708093114
[VAL] Epoch 1 WHU-Val Metrics: {'Precision': 55.5001437664032, 'Recall': 65.34562706947327, 'F1': 60.02182364463806, 'IoU': 42.879414558410645, 'Loss': 0.3088252952182165}
[VAL] Epoch 1 WHU-Val Metrics: {'Precision': 9.520278871059418, 'Recall': 3.6994900554418564, 'F1': 5.328410118818283, 'IoU': 2.7371278032660484, 'Loss': 0.6173752741788023}
⏳ No improvement for 1/10
Discriminator Acc: 0.6959351224737017
Epoch 2 LEVIR-Train Metrics: {'Precision': 90.43019413948059, 'Recall': 88.17029595375061, 'F1': 89.28595185279846, 'IoU': 80.64554929733276}
Avg Pseudo-label ratio: 0.8209711434144623
Epoch 2 Avg Loss | Sup: 0.0655 | Unsup: 0.0000 | DMN: 0.0565
Cosine Similarity: 0.7266774040632223
[VAL] Epoch 2 WHU-Val Metrics: {'Precision': 72.00915217399597, 'Recall': 50.4230260848999, 'F1': 59.313154220581055, 'IoU': 42.159703373909, 'Loss': 0.29753772385658755}
[VAL] Epoch 2 WHU-Val Metrics: {'Precision': 23.711934685707092, 'Recall': 3.7578873336315155, 'F1': 6.487612426280975, 'IoU': 3.352556750178337, 'Loss': 0.5494438855237859}
⏳ No improvement for 2/10
Discriminator Acc: 0.8044532874751882
Epoch 3 LEVIR-Train Metrics: {'Precision': 91.41014814376831, 'Recall': 89.27968740463257, 'F1': 90.33235907554626, 'IoU': 82.36920237541199}
Avg Pseudo-label ratio: 0.8523968380400629
Epoch 3 Avg Loss | Sup: 0.0571 | Unsup: 0.0160 | DMN: 0.0459
Cosine Similarity: 0.7818505260540761
[VAL] Epoch 3 WHU-Val Metrics: {'Precision': 72.69694805145264, 'Recall': 55.003947019577026, 'F1': 62.62476444244385, 'IoU': 45.58664560317993, 'Loss': 0.2716196965306036}
[VAL] Epoch 3 WHU-Val Metrics: {'Precision': 41.91419184207916, 'Recall': 0.040839609573595226, 'F1': 0.08159971330314875, 'IoU': 0.040816509863361716, 'Loss': 0.7887144040676856}
⏳ No improvement for 3/10
Discriminator Acc: 0.851673875361629
Epoch 4 LEVIR-Train Metrics: {'Precision': 91.29588603973389, 'Recall': 89.33936953544617, 'F1': 90.3070330619812, 'IoU': 82.32709169387817}
Avg Pseudo-label ratio: 0.8720862515924738
Epoch 4 Avg Loss | Sup: 0.0579 | Unsup: 0.0267 | DMN: 0.0384
Cosine Similarity: 0.5580180896621646
[VAL] Epoch 4 WHU-Val Metrics: {'Precision': 79.97722029685974, 'Recall': 51.08160376548767, 'F1': 62.343984842300415, 'IoU': 45.289695262908936, 'Loss': 0.2744321430562645}
[VAL] Epoch 4 WHU-Val Metrics: {'Precision': 90.90909361839294, 'Recall': 0.106118677649647, 'F1': 0.21198990289121866, 'IoU': 0.10610740864649415, 'Loss': 0.7583858659190517}
⏳ No improvement for 4/10
Discriminator Acc: 0.8171957763493789
Epoch 5 LEVIR-Train Metrics: {'Precision': 91.11443758010864, 'Recall': 88.6367678642273, 'F1': 89.85852599143982, 'IoU': 81.58464431762695}
Avg Pseudo-label ratio: 0.8856258136951441
Epoch 5 Avg Loss | Sup: 0.0604 | Unsup: 0.0362 | DMN: 0.0819
Cosine Similarity: 0.19061367887370517
[VAL] Epoch 5 WHU-Val Metrics: {'Precision': 67.96202063560486, 'Recall': 30.95603883266449, 'F1': 42.53692328929901, 'IoU': 27.013903856277466, 'Loss': 0.3587926494017724}
[VAL] Epoch 5 WHU-Val Metrics: {'Precision': 97.20101952552795, 'Recall': 0.0737042399123311, 'F1': 0.14729679096490145, 'IoU': 0.07370267994701862, 'Loss': 0.6018488291771181}
⏳ No improvement for 5/10
Discriminator Acc: 0.838037642092813
Epoch 6 LEVIR-Train Metrics: {'Precision': 90.84795117378235, 'Recall': 88.36974501609802, 'F1': 89.59171175956726, 'IoU': 81.14582300186157}
Avg Pseudo-label ratio: 0.8947560448526747
Epoch 6 Avg Loss | Sup: 0.0638 | Unsup: 0.0510 | DMN: 0.0786
Cosine Similarity: -0.03370302963845861
[VAL] Epoch 6 WHU-Val Metrics: {'Precision': 75.50135254859924, 'Recall': 39.557889103889465, 'F1': 51.91541314125061, 'IoU': 35.05794703960419, 'Loss': 0.3184528716148869}
[VAL] Epoch 6 WHU-Val Metrics: {'Precision': 21.79483324289322, 'Recall': 0.4726461600512266, 'F1': 0.925227627158165, 'IoU': 0.4647639114409685, 'Loss': 0.5359387243947675}
⏳ No improvement for 6/10
Discriminator Acc: 0.9284868204468832
Epoch 7 LEVIR-Train Metrics: {'Precision': 91.03840589523315, 'Recall': 88.62912654876709, 'F1': 89.81761932373047, 'IoU': 81.51722550392151}
Avg Pseudo-label ratio: 0.901719035321109
Epoch 7 Avg Loss | Sup: 0.0629 | Unsup: 0.0614 | DMN: 0.0503
Cosine Similarity: 0.0676475804998827
[VAL] Epoch 7 WHU-Val Metrics: {'Precision': 54.66625690460205, 'Recall': 52.88742184638977, 'F1': 53.76213192939758, 'IoU': 36.76348030567169, 'Loss': 0.3070703773729263}
[VAL] Epoch 7 WHU-Val Metrics: {'Precision': 19.337283074855804, 'Recall': 4.965903609991074, 'F1': 7.902427762746811, 'IoU': 4.113757237792015, 'Loss': 0.5707874144277265}
⏳ No improvement for 7/10
Discriminator Acc: 0.8493224556637476
Epoch 8 LEVIR-Train Metrics: {'Precision': 91.17957353591919, 'Recall': 88.49974870681763, 'F1': 89.81967568397522, 'IoU': 81.52061700820923}
Avg Pseudo-label ratio: 0.9076177725361171
Epoch 8 Avg Loss | Sup: 0.0608 | Unsup: 0.0649 | DMN: 0.0742
Cosine Similarity: 0.09837519902436072
[VAL] Epoch 8 WHU-Val Metrics: {'Precision': 71.96818590164185, 'Recall': 30.906325578689575, 'F1': 43.24243366718292, 'IoU': 27.585548162460327, 'Loss': 0.33738909613701606}
[VAL] Epoch 8 WHU-Val Metrics: {'Precision': 79.76653575897217, 'Recall': 0.3955332562327385, 'F1': 0.7871632464230061, 'IoU': 0.3951367922127247, 'Loss': 0.5324573263686191}
⏳ No improvement for 8/10
Discriminator Acc: 0.8689878690097137
Epoch 9 LEVIR-Train Metrics: {'Precision': 90.9894585609436, 'Recall': 88.69065642356873, 'F1': 89.82535004615784, 'IoU': 81.52996301651001}
Avg Pseudo-label ratio: 0.9122706425450514
Epoch 9 Avg Loss | Sup: 0.0620 | Unsup: 0.0734 | DMN: 0.0683
Cosine Similarity: 0.11571137523493952
[VAL] Epoch 9 WHU-Val Metrics: {'Precision': 56.96926712989807, 'Recall': 54.47914004325867, 'F1': 55.696386098861694, 'IoU': 38.59666585922241, 'Loss': 0.30244193995191204}
[VAL] Epoch 9 WHU-Val Metrics: {'Precision': 86.76721453666687, 'Recall': 0.3921888768672943, 'F1': 0.7808483205735683, 'IoU': 0.3919544629752636, 'Loss': 0.5113823099802899}
⏳ No improvement for 9/10
Discriminator Acc: 0.8286601549459793
Epoch 10 LEVIR-Train Metrics: {'Precision': 90.9333884716034, 'Recall': 88.32604885101318, 'F1': 89.61074948310852, 'IoU': 81.17706179618835}
Avg Pseudo-label ratio: 0.9158101854177748
Epoch 10 Avg Loss | Sup: 0.0625 | Unsup: 0.0831 | DMN: 0.0806
Cosine Similarity: -0.004777021143531807
[VAL] Epoch 10 WHU-Val Metrics: {'Precision': 68.75143647193909, 'Recall': 37.56569027900696, 'F1': 48.58474135398865, 'IoU': 32.08708465099335, 'Loss': 0.3184543268014026}
[VAL] Epoch 10 WHU-Val Metrics: {'Precision': 69.5652186870575, 'Recall': 0.016464473446831107, 'F1': 0.03292115579824895, 'IoU': 0.016463287465739995, 'Loss': 0.5338375337662236}
⏳ No improvement for 10/10
🛑 Early stopping at epoch 10
